2014/09/21 21:08:05 [error] [system.db.CDbCommand] CDbCommand::fetchAll() failed: SQLSTATE[42S02]: Base table or view not found: 1146 Table 'parser.tbl_user' doesn't exist. The SQL statement executed was: SHOW FULL COLUMNS FROM `tbl_user`.
in /home/alex/www/yii/parser/index.php (13)
2014/09/21 21:12:14 [error] [system.db.CDbCommand] CDbCommand::fetchAll() failed: SQLSTATE[42S02]: Base table or view not found: 1146 Table 'parser.tbl_user' doesn't exist. The SQL statement executed was: SHOW FULL COLUMNS FROM `tbl_user`.
in /home/alex/www/yii/parser/index.php (13)
2014/09/21 21:12:30 [error] [system.db.CDbCommand] CDbCommand::fetchAll() failed: SQLSTATE[42S02]: Base table or view not found: 1146 Table 'parser.user' doesn't exist. The SQL statement executed was: SHOW FULL COLUMNS FROM `user`.
in /home/alex/www/yii/parser/index.php (13)
2014/09/22 11:49:55 [error] [exception.CHttpException.404] exception 'CHttpException' with message 'The system is unable to find the requested action "test".' in /home/alex/www/yii/framework/web/CController.php:483
Stack trace:
#0 /home/alex/www/yii/framework/web/CController.php(270): CController->missingAction('test')
#1 /home/alex/www/yii/framework/web/CWebApplication.php(282): CController->run('test')
#2 /home/alex/www/yii/framework/web/CWebApplication.php(141): CWebApplication->runController('site/test')
#3 /home/alex/www/yii/framework/base/CApplication.php(180): CWebApplication->processRequest()
#4 /home/alex/www/yii/parser/index.php(13): CApplication->run()
#5 {main}
REQUEST_URI=/index.php?r=site/test
HTTP_REFERER=http://yii.a5/index.php?r=site/index
---
2014/09/22 11:50:03 [error] [exception.CHttpException.404] exception 'CHttpException' with message 'The system is unable to find the requested action "test".' in /home/alex/www/yii/framework/web/CController.php:483
Stack trace:
#0 /home/alex/www/yii/framework/web/CController.php(270): CController->missingAction('test')
#1 /home/alex/www/yii/framework/web/CWebApplication.php(282): CController->run('test')
#2 /home/alex/www/yii/framework/web/CWebApplication.php(141): CWebApplication->runController('site/test')
#3 /home/alex/www/yii/framework/base/CApplication.php(180): CWebApplication->processRequest()
#4 /home/alex/www/yii/parser/index.php(13): CApplication->run()
#5 {main}
REQUEST_URI=/index.php?r=site/test
HTTP_REFERER=http://yii.a5/index.php?r=site/contact
---
2014/09/22 11:51:25 [error] [exception.CHttpException.404] exception 'CHttpException' with message 'The system is unable to find the requested action "test".' in /home/alex/www/yii/framework/web/CController.php:483
Stack trace:
#0 /home/alex/www/yii/framework/web/CController.php(270): CController->missingAction('test')
#1 /home/alex/www/yii/framework/web/CWebApplication.php(282): CController->run('test')
#2 /home/alex/www/yii/framework/web/CWebApplication.php(141): CWebApplication->runController('site/test')
#3 /home/alex/www/yii/framework/base/CApplication.php(180): CWebApplication->processRequest()
#4 /home/alex/www/yii/parser/index.php(13): CApplication->run()
#5 {main}
REQUEST_URI=/index.php?r=site/test
HTTP_REFERER=http://yii.a5/index.php?r=site/contact
---
2014/09/22 11:51:38 [error] [exception.CHttpException.404] exception 'CHttpException' with message 'The system is unable to find the requested action "test".' in /home/alex/www/yii/framework/web/CController.php:483
Stack trace:
#0 /home/alex/www/yii/framework/web/CController.php(270): CController->missingAction('test')
#1 /home/alex/www/yii/framework/web/CWebApplication.php(282): CController->run('test')
#2 /home/alex/www/yii/framework/web/CWebApplication.php(141): CWebApplication->runController('site/test')
#3 /home/alex/www/yii/framework/base/CApplication.php(180): CWebApplication->processRequest()
#4 /home/alex/www/yii/parser/index.php(13): CApplication->run()
#5 {main}
REQUEST_URI=/index.php?r=site/test
HTTP_REFERER=http://yii.a5/index.php?r=site/contact
---
2014/09/22 11:53:06 [error] [exception.CHttpException.404] exception 'CHttpException' with message 'The system is unable to find the requested action "test".' in /home/alex/www/yii/framework/web/CController.php:483
Stack trace:
#0 /home/alex/www/yii/framework/web/CController.php(270): CController->missingAction('test')
#1 /home/alex/www/yii/framework/web/CWebApplication.php(282): CController->run('test')
#2 /home/alex/www/yii/framework/web/CWebApplication.php(141): CWebApplication->runController('site/test')
#3 /home/alex/www/yii/framework/base/CApplication.php(180): CWebApplication->processRequest()
#4 /home/alex/www/yii/parser/index.php(13): CApplication->run()
#5 {main}
REQUEST_URI=/index.php?r=site/test
HTTP_REFERER=http://yii.a5/index.php?r=site/contact
---
2014/09/23 17:54:03 [error] [exception.CHttpException.404] exception 'CHttpException' with message 'Unable to resolve the request "gii/widget".' in /home/alex/www/yii/framework/web/CWebApplication.php:286
Stack trace:
#0 /home/alex/www/yii/framework/web/CWebApplication.php(141): CWebApplication->runController('gii/widget')
#1 /home/alex/www/yii/framework/base/CApplication.php(180): CWebApplication->processRequest()
#2 /home/alex/www/yii/parser/index.php(12): CApplication->run()
#3 {main}
REQUEST_URI=/index.php?r=gii/widget
---
2014/09/25 22:45:27 [error] [php] Undefined variable: model (/home/alex/www/yii/parser/protected/views/site/parser.php:38)
Stack trace:
#0 /home/alex/www/yii/framework/web/CController.php(869): SiteController->renderFile()
#1 /home/alex/www/yii/framework/web/CController.php(782): SiteController->renderPartial()
#2 /home/alex/www/yii/parser/protected/controllers/SiteController.php(128): SiteController->render()
#3 /home/alex/www/yii/framework/web/actions/CInlineAction.php(49): SiteController->actionParser()
#4 /home/alex/www/yii/framework/web/CController.php(308): CInlineAction->runWithParams()
#5 /home/alex/www/yii/framework/web/CController.php(286): SiteController->runAction()
#6 /home/alex/www/yii/framework/web/CController.php(265): SiteController->runActionWithFilters()
#7 /home/alex/www/yii/framework/web/CWebApplication.php(282): SiteController->run()
#8 /home/alex/www/yii/framework/web/CWebApplication.php(141): CWebApplication->runController()
#9 /home/alex/www/yii/framework/base/CApplication.php(180): CWebApplication->processRequest()
#10 /home/alex/www/yii/parser/index.php(12): CWebApplication->run()
REQUEST_URI=/index.php?r=site/parser
in /home/alex/www/yii/parser/protected/views/site/parser.php (38)
in /home/alex/www/yii/parser/protected/controllers/SiteController.php (128)
in /home/alex/www/yii/parser/index.php (12)
2014/09/25 22:48:18 [error] [php] Undefined variable: items (/home/alex/www/yii/parser/protected/views/site/parser.php:24)
Stack trace:
#0 /home/alex/www/yii/framework/web/CController.php(869): SiteController->renderFile()
#1 /home/alex/www/yii/framework/web/CController.php(782): SiteController->renderPartial()
#2 /home/alex/www/yii/parser/protected/controllers/SiteController.php(128): SiteController->render()
#3 /home/alex/www/yii/framework/web/actions/CInlineAction.php(49): SiteController->actionParser()
#4 /home/alex/www/yii/framework/web/CController.php(308): CInlineAction->runWithParams()
#5 /home/alex/www/yii/framework/web/CController.php(286): SiteController->runAction()
#6 /home/alex/www/yii/framework/web/CController.php(265): SiteController->runActionWithFilters()
#7 /home/alex/www/yii/framework/web/CWebApplication.php(282): SiteController->run()
#8 /home/alex/www/yii/framework/web/CWebApplication.php(141): CWebApplication->runController()
#9 /home/alex/www/yii/framework/base/CApplication.php(180): CWebApplication->processRequest()
#10 /home/alex/www/yii/parser/index.php(12): CWebApplication->run()
REQUEST_URI=/index.php?r=site/parser
in /home/alex/www/yii/parser/protected/views/site/parser.php (24)
in /home/alex/www/yii/parser/protected/controllers/SiteController.php (128)
in /home/alex/www/yii/parser/index.php (12)
2014/09/29 16:01:17 [error] [exception.CException] exception 'CException' with message 'SiteController and its behaviors do not have a method or closure named "selectDescription".' in /home/alex/www/yii/framework/base/CComponent.php:266
Stack trace:
#0 /home/alex/www/yii/parser/protected/views/site/parser.php(8): CComponent->__call('selectDescripti...', Array)
#1 /home/alex/www/yii/parser/protected/views/site/parser.php(8): SiteController->selectDescription()
#2 /home/alex/www/yii/framework/web/CBaseController.php(126): require('/home/alex/www/...')
#3 /home/alex/www/yii/framework/web/CBaseController.php(95): CBaseController->renderInternal('/home/alex/www/...', Array, true)
#4 /home/alex/www/yii/framework/web/CController.php(869): CBaseController->renderFile('/home/alex/www/...', Array, true)
#5 /home/alex/www/yii/framework/web/CController.php(782): CController->renderPartial('parser', Array, true)
#6 /home/alex/www/yii/parser/protected/controllers/SiteController.php(129): CController->render('parser', Array)
#7 /home/alex/www/yii/framework/web/actions/CInlineAction.php(49): SiteController->actionParser()
#8 /home/alex/www/yii/framework/web/CController.php(308): CInlineAction->runWithParams(Array)
#9 /home/alex/www/yii/framework/web/CController.php(286): CController->runAction(Object(CInlineAction))
#10 /home/alex/www/yii/framework/web/CController.php(265): CController->runActionWithFilters(Object(CInlineAction), Array)
#11 /home/alex/www/yii/framework/web/CWebApplication.php(282): CController->run('parser')
#12 /home/alex/www/yii/framework/web/CWebApplication.php(141): CWebApplication->runController('site/parser')
#13 /home/alex/www/yii/framework/base/CApplication.php(180): CWebApplication->processRequest()
#14 /home/alex/www/yii/parser/index.php(12): CApplication->run()
#15 {main}
REQUEST_URI=/index.php?r=site/parser
HTTP_REFERER=http://yii.a5/index.php?r=site/index
---
2014/09/29 16:02:09 [error] [php] Undefined index: name (/home/alex/www/yii/parser/protected/views/site/parser.php:29)
Stack trace:
#0 /home/alex/www/yii/framework/web/CController.php(869): SiteController->renderFile()
#1 /home/alex/www/yii/framework/web/CController.php(782): SiteController->renderPartial()
#2 /home/alex/www/yii/parser/protected/controllers/SiteController.php(129): SiteController->render()
#3 /home/alex/www/yii/framework/web/actions/CInlineAction.php(49): SiteController->actionParser()
#4 /home/alex/www/yii/framework/web/CController.php(308): CInlineAction->runWithParams()
#5 /home/alex/www/yii/framework/web/CController.php(286): SiteController->runAction()
#6 /home/alex/www/yii/framework/web/CController.php(265): SiteController->runActionWithFilters()
#7 /home/alex/www/yii/framework/web/CWebApplication.php(282): SiteController->run()
#8 /home/alex/www/yii/framework/web/CWebApplication.php(141): CWebApplication->runController()
#9 /home/alex/www/yii/framework/base/CApplication.php(180): CWebApplication->processRequest()
#10 /home/alex/www/yii/parser/index.php(12): CWebApplication->run()
REQUEST_URI=/index.php?r=site/parser
in /home/alex/www/yii/parser/protected/views/site/parser.php (29)
in /home/alex/www/yii/parser/protected/controllers/SiteController.php (129)
in /home/alex/www/yii/parser/index.php (12)
2014/09/29 16:05:51 [error] [exception.CException] exception 'CException' with message 'Property "CDbCommand.group by" is not defined.' in /home/alex/www/yii/framework/base/CComponent.php:173
Stack trace:
#0 /home/alex/www/yii/framework/db/CDbCommand.php(106): CComponent->__set('group by', 'st_name')
#1 /home/alex/www/yii/framework/db/CDbConnection.php(481): CDbCommand->__construct(Object(CDbConnection), Array)
#2 /home/alex/www/yii/parser/protected/models/ParserForm.php(17): CDbConnection->createCommand(Array)
#3 /home/alex/www/yii/parser/protected/views/site/parser.php(9): ParserForm->selectDescription()
#4 /home/alex/www/yii/framework/web/CBaseController.php(126): require('/home/alex/www/...')
#5 /home/alex/www/yii/framework/web/CBaseController.php(95): CBaseController->renderInternal('/home/alex/www/...', Array, true)
#6 /home/alex/www/yii/framework/web/CController.php(869): CBaseController->renderFile('/home/alex/www/...', Array, true)
#7 /home/alex/www/yii/framework/web/CController.php(782): CController->renderPartial('parser', Array, true)
#8 /home/alex/www/yii/parser/protected/controllers/SiteController.php(129): CController->render('parser', Array)
#9 /home/alex/www/yii/framework/web/actions/CInlineAction.php(49): SiteController->actionParser()
#10 /home/alex/www/yii/framework/web/CController.php(308): CInlineAction->runWithParams(Array)
#11 /home/alex/www/yii/framework/web/CController.php(286): CController->runAction(Object(CInlineAction))
#12 /home/alex/www/yii/framework/web/CController.php(265): CController->runActionWithFilters(Object(CInlineAction), Array)
#13 /home/alex/www/yii/framework/web/CWebApplication.php(282): CController->run('parser')
#14 /home/alex/www/yii/framework/web/CWebApplication.php(141): CWebApplication->runController('site/parser')
#15 /home/alex/www/yii/framework/base/CApplication.php(180): CWebApplication->processRequest()
#16 /home/alex/www/yii/parser/index.php(12): CApplication->run()
#17 {main}
REQUEST_URI=/index.php?r=site/parser
HTTP_REFERER=http://yii.a5/index.php?r=site/index
---
